<?xml version="1.0" encoding="UTF-8"?>
<testsuites>
  <testsuite name="fastlane.lanes">
    
    
    
      
      <testcase classname="fastlane.lanes" name="0: Verifying fastlane version" time="0.001705">
        
      </testcase>
    
      
      <testcase classname="fastlane.lanes" name="1: default_platform" time="0.00118">
        
      </testcase>
    
      
      <testcase classname="fastlane.lanes" name="2: Switch to ios unit_tests lane" time="0.001029">
        
      </testcase>
    
      
      <testcase classname="fastlane.lanes" name="3: scan" time="13.606467">
        
      </testcase>
    
      
      <testcase classname="fastlane.lanes" name="4: get_version_number" time="0.058599">
        
      </testcase>
    
      
      <testcase classname="fastlane.lanes" name="5: ensure_git_branch" time="0.017066">
        
      </testcase>
    
      
      <testcase classname="fastlane.lanes" name="6: xcclean" time="1.32856">
        
          <failure message="/Users/crelies/.rvm/gems/ruby-2.2.3/gems/fastlane-2.121.1/fastlane/lib/fastlane/actions/actions_helper.rb:48:in `execute_action'&#10;/Users/crelies/.rvm/gems/ruby-2.2.3/gems/fastlane-2.121.1/fastlane/lib/fastlane/runner.rb:235:in `block in execute_action'&#10;/Users/crelies/.rvm/gems/ruby-2.2.3/gems/fastlane-2.121.1/fastlane/lib/fastlane/runner.rb:227:in `chdir'&#10;/Users/crelies/.rvm/gems/ruby-2.2.3/gems/fastlane-2.121.1/fastlane/lib/fastlane/runner.rb:227:in `execute_action'&#10;/Users/crelies/.rvm/gems/ruby-2.2.3/gems/fastlane-2.121.1/fastlane/lib/fastlane/runner.rb:157:in `trigger_action_by_name'&#10;/Users/crelies/.rvm/gems/ruby-2.2.3/gems/fastlane-2.121.1/fastlane/lib/fastlane/fast_file.rb:154:in `method_missing'&#10;Fastfile:193:in `block (2 levels) in parsing_binding'&#10;/Users/crelies/.rvm/gems/ruby-2.2.3/gems/fastlane-2.121.1/fastlane/lib/fastlane/lane.rb:33:in `call'&#10;/Users/crelies/.rvm/gems/ruby-2.2.3/gems/fastlane-2.121.1/fastlane/lib/fastlane/lane.rb:33:in `call'&#10;/Users/crelies/.rvm/gems/ruby-2.2.3/gems/fastlane-2.121.1/fastlane/lib/fastlane/runner.rb:49:in `block in execute'&#10;/Users/crelies/.rvm/gems/ruby-2.2.3/gems/fastlane-2.121.1/fastlane/lib/fastlane/runner.rb:45:in `chdir'&#10;/Users/crelies/.rvm/gems/ruby-2.2.3/gems/fastlane-2.121.1/fastlane/lib/fastlane/runner.rb:45:in `execute'&#10;/Users/crelies/.rvm/gems/ruby-2.2.3/gems/fastlane-2.121.1/fastlane/lib/fastlane/lane_manager.rb:56:in `cruise_lane'&#10;/Users/crelies/.rvm/gems/ruby-2.2.3/gems/fastlane-2.121.1/fastlane/lib/fastlane/command_line_handler.rb:36:in `handle'&#10;/Users/crelies/.rvm/gems/ruby-2.2.3/gems/fastlane-2.121.1/fastlane/lib/fastlane/commands_generator.rb:108:in `block (2 levels) in run'&#10;/Users/crelies/.rvm/gems/ruby-2.2.3@global/gems/commander-fastlane-4.4.6/lib/commander/command.rb:178:in `call'&#10;/Users/crelies/.rvm/gems/ruby-2.2.3@global/gems/commander-fastlane-4.4.6/lib/commander/command.rb:178:in `call'&#10;/Users/crelies/.rvm/gems/ruby-2.2.3@global/gems/commander-fastlane-4.4.6/lib/commander/command.rb:153:in `run'&#10;/Users/crelies/.rvm/gems/ruby-2.2.3@global/gems/commander-fastlane-4.4.6/lib/commander/runner.rb:476:in `run_active_command'&#10;/Users/crelies/.rvm/gems/ruby-2.2.3/gems/fastlane-2.121.1/fastlane_core/lib/fastlane_core/ui/fastlane_runner.rb:76:in `run!'&#10;/Users/crelies/.rvm/gems/ruby-2.2.3@global/gems/commander-fastlane-4.4.6/lib/commander/delegates.rb:15:in `run!'&#10;/Users/crelies/.rvm/gems/ruby-2.2.3/gems/fastlane-2.121.1/fastlane/lib/fastlane/commands_generator.rb:333:in `run'&#10;/Users/crelies/.rvm/gems/ruby-2.2.3/gems/fastlane-2.121.1/fastlane/lib/fastlane/commands_generator.rb:41:in `start'&#10;/Users/crelies/.rvm/gems/ruby-2.2.3/gems/fastlane-2.121.1/fastlane/lib/fastlane/cli_tools_distributor.rb:119:in `take_off'&#10;/Users/crelies/.rvm/gems/ruby-2.2.3/gems/fastlane-2.121.1/bin/fastlane:23:in `&lt;top (required)&gt;'&#10;/Users/crelies/.rvm/gems/ruby-2.2.3/bin/fastlane:23:in `load'&#10;/Users/crelies/.rvm/gems/ruby-2.2.3/bin/fastlane:23:in `&lt;top (required)&gt;'&#10;/Users/crelies/.rvm/gems/ruby-2.2.3@global/gems/bundler-1.15.0/lib/bundler/cli/exec.rb:74:in `load'&#10;/Users/crelies/.rvm/gems/ruby-2.2.3@global/gems/bundler-1.15.0/lib/bundler/cli/exec.rb:74:in `kernel_load'&#10;/Users/crelies/.rvm/gems/ruby-2.2.3@global/gems/bundler-1.15.0/lib/bundler/cli/exec.rb:27:in `run'&#10;/Users/crelies/.rvm/gems/ruby-2.2.3@global/gems/bundler-1.15.0/lib/bundler/cli.rb:360:in `exec'&#10;/Users/crelies/.rvm/gems/ruby-2.2.3@global/gems/bundler-1.15.0/lib/bundler/vendor/thor/lib/thor/command.rb:27:in `run'&#10;/Users/crelies/.rvm/gems/ruby-2.2.3@global/gems/bundler-1.15.0/lib/bundler/vendor/thor/lib/thor/invocation.rb:126:in `invoke_command'&#10;/Users/crelies/.rvm/gems/ruby-2.2.3@global/gems/bundler-1.15.0/lib/bundler/vendor/thor/lib/thor.rb:369:in `dispatch'&#10;/Users/crelies/.rvm/gems/ruby-2.2.3@global/gems/bundler-1.15.0/lib/bundler/cli.rb:20:in `dispatch'&#10;/Users/crelies/.rvm/gems/ruby-2.2.3@global/gems/bundler-1.15.0/lib/bundler/vendor/thor/lib/thor/base.rb:444:in `start'&#10;/Users/crelies/.rvm/gems/ruby-2.2.3@global/gems/bundler-1.15.0/lib/bundler/cli.rb:10:in `start'&#10;/Users/crelies/.rvm/gems/ruby-2.2.3@global/gems/bundler-1.15.0/exe/bundle:35:in `block in &lt;top (required)&gt;'&#10;/Users/crelies/.rvm/gems/ruby-2.2.3@global/gems/bundler-1.15.0/lib/bundler/friendly_errors.rb:121:in `with_friendly_errors'&#10;/Users/crelies/.rvm/gems/ruby-2.2.3@global/gems/bundler-1.15.0/exe/bundle:27:in `&lt;top (required)&gt;'&#10;/Users/crelies/.rvm/gems/ruby-2.2.3/bin/bundle:23:in `load'&#10;/Users/crelies/.rvm/gems/ruby-2.2.3/bin/bundle:23:in `&lt;main&gt;'&#10;/Users/crelies/.rvm/gems/ruby-2.2.3/bin/ruby_executable_hooks:15:in `eval'&#10;/Users/crelies/.rvm/gems/ruby-2.2.3/bin/ruby_executable_hooks:15:in `&lt;main&gt;'&#10;&#10;Exit status of command 'set -o pipefail &amp;&amp; xcodebuild -scheme &quot;Roshambo&quot; clean | tee '/Users/crelies/Library/Logs/fastlane/xcbuild/2019-05-02/17162/xcodebuild.log' | xcpretty --color --simple' was 65 instead of 0.&#10;2019-05-02 21:05:46.447 xcodebuild[17404:741338] [MT] PluginLoading: Required plug-in compatibility UUID 72F7D751-F810-43B8-A53F-1F1DFD74FC54 for plug-in at path '~/Library/Application Support/Developer/Shared/Xcode/Plug-ins/GitDiff.xcplugin' not present in DVTPlugInCompatibilityUUIDs&#10;2019-05-02 21:05:46.447 xcodebuild[17404:741338] [MT] PluginLoading: Required plug-in compatibility UUID 72F7D751-F810-43B8-A53F-1F1DFD74FC54 for plug-in at path '~/Library/Application Support/Developer/Shared/Xcode/Plug-ins/FuzzyAutocomplete.xcplugin' not present in DVTPlugInCompatibilityUUIDs&#10;2019-05-02 21:05:46.448 xcodebuild[17404:741338] [MT] PluginLoading: Required plug-in compatibility UUID 72F7D751-F810-43B8-A53F-1F1DFD74FC54 for plug-in at path '~/Library/Application Support/Developer/Shared/Xcode/Plug-ins/Alcatraz.xcplugin' not present in DVTPlugInCompatibilityUUIDs&#10;xcodebuild: error: The project named &quot;Roshambo&quot; does not contain a scheme named &quot;Roshambo&quot;. The &quot;-list&quot; option can be used to find the names of the schemes in the project.&#10;" />
        
      </testcase>
    
  </testsuite>
</testsuites>
